<?xml version="1.0" encoding="UTF-8"?>
<!-- Generated by org.testng.reporters.JUnitReportReporter -->
<testsuite skipped="0" hostname="LAPTOP-G2N37GG3" name="Automationlearn.RESTAPITest" tests="2" failures="0" timestamp="12 Apr 2019 05:19:24 GMT" time="0.000" errors="0">
  <testcase name="BrowserAutomation" time="0.000" classname="Automationlearn.RESTAPITest"/>
  <testcase name="elenemtsUi" time="0.000" classname="Automationlearn.RESTAPITest"/>
</testsuite> <!-- Automationlearn.RESTAPITest -->
