<?xml version="1.0" encoding="UTF-8"?>
<!-- Generated by org.testng.reporters.JUnitReportReporter -->
<testsuite skipped="0" hostname="LAPTOP-G2N37GG3" name="Automationlearn.SeleniumTest" tests="2" failures="0" timestamp="12 Apr 2019 05:19:24 GMT" time="0.001" errors="0">
  <testcase name="Postjira" time="0.000" classname="Automationlearn.SeleniumTest"/>
  <testcase name="deleteTwitter" time="0.001" classname="Automationlearn.SeleniumTest"/>
</testsuite> <!-- Automationlearn.SeleniumTest -->
